<?xml version="1.0" ?>
<coverage branch-rate="0" branches-covered="0" branches-valid="0" complexity="0" line-rate="0" lines-covered="0" lines-valid="78" timestamp="1594852676312" version="5.2">
	<!-- Generated by coverage.py: https://coverage.readthedocs.io -->
	<!-- Based on https://raw.githubusercontent.com/cobertura/web/master/htdocs/xml/coverage-04.dtd -->
	<sources>
		<source>/Users/skirmer/projects/radlibs/radlibs-py/radlibs</source>
	</sources>
	<packages>
		<package branch-rate="0" complexity="0" line-rate="0" name=".">
			<classes>
				<class branch-rate="0" complexity="0" filename="__init__.py" line-rate="0" name="__init__.py">
					<methods/>
					<lines>
						<line hits="0" number="1"/>
						<line hits="0" number="2"/>
						<line hits="0" number="3"/>
					</lines>
				</class>
				<class branch-rate="0" complexity="0" filename="generatewordopts.py" line-rate="0" name="generatewordopts.py">
					<methods/>
					<lines>
						<line hits="0" number="2"/>
						<line hits="0" number="6"/>
						<line hits="0" number="7"/>
						<line hits="0" number="9"/>
						<line hits="0" number="15"/>
						<line hits="0" number="21"/>
						<line hits="0" number="25"/>
						<line hits="0" number="29"/>
						<line hits="0" number="33"/>
						<line hits="0" number="37"/>
						<line hits="0" number="43"/>
						<line hits="0" number="49"/>
						<line hits="0" number="55"/>
						<line hits="0" number="61"/>
						<line hits="0" number="67"/>
						<line hits="0" number="73"/>
						<line hits="0" number="79"/>
						<line hits="0" number="85"/>
						<line hits="0" number="91"/>
						<line hits="0" number="97"/>
						<line hits="0" number="116"/>
					</lines>
				</class>
				<class branch-rate="0" complexity="0" filename="makeradlibs.py" line-rate="0" name="makeradlibs.py">
					<methods/>
					<lines>
						<line hits="0" number="4"/>
						<line hits="0" number="5"/>
						<line hits="0" number="6"/>
						<line hits="0" number="7"/>
						<line hits="0" number="8"/>
						<line hits="0" number="9"/>
						<line hits="0" number="10"/>
						<line hits="0" number="13"/>
						<line hits="0" number="15"/>
						<line hits="0" number="17"/>
						<line hits="0" number="18"/>
						<line hits="0" number="19"/>
						<line hits="0" number="20"/>
						<line hits="0" number="21"/>
						<line hits="0" number="23"/>
						<line hits="0" number="24"/>
						<line hits="0" number="26"/>
						<line hits="0" number="27"/>
						<line hits="0" number="29"/>
						<line hits="0" number="31"/>
						<line hits="0" number="32"/>
						<line hits="0" number="34"/>
						<line hits="0" number="35"/>
						<line hits="0" number="36"/>
						<line hits="0" number="37"/>
						<line hits="0" number="38"/>
						<line hits="0" number="42"/>
						<line hits="0" number="44"/>
						<line hits="0" number="46"/>
						<line hits="0" number="47"/>
						<line hits="0" number="48"/>
						<line hits="0" number="49"/>
						<line hits="0" number="51"/>
						<line hits="0" number="52"/>
						<line hits="0" number="53"/>
						<line hits="0" number="54"/>
						<line hits="0" number="55"/>
						<line hits="0" number="56"/>
						<line hits="0" number="57"/>
						<line hits="0" number="58"/>
						<line hits="0" number="61"/>
						<line hits="0" number="62"/>
						<line hits="0" number="63"/>
						<line hits="0" number="67"/>
						<line hits="0" number="69"/>
					</lines>
				</class>
				<class branch-rate="0" complexity="0" filename="postagger.py" line-rate="0" name="postagger.py">
					<methods/>
					<lines>
						<line hits="0" number="4"/>
						<line hits="0" number="5"/>
						<line hits="0" number="6"/>
						<line hits="0" number="9"/>
						<line hits="0" number="11"/>
						<line hits="0" number="12"/>
						<line hits="0" number="13"/>
						<line hits="0" number="15"/>
						<line hits="0" number="17"/>
					</lines>
				</class>
			</classes>
		</package>
	</packages>
</coverage>
